<?xml version="1.0" encoding="UTF-8"?>
<testsuite xmlns:xsi="http://www.w3.org/2001/XMLSchema-instance" xsi:noNamespaceSchemaLocation="https://maven.apache.org/surefire/maven-surefire-plugin/xsd/surefire-test-report.xsd" name="KarateRunner" time="14.479" tests="8" errors="0" skipped="0" failures="0">
  <properties>
[...]
</properties>
  <testcase name="testSample[1][1]" classname="KarateRunner" time="3.159"/>
  <testcase name="testSample[1][2]" classname="KarateRunner" time="1.061"/>
  <testcase name="testSample[1][3]" classname="KarateRunner" time="1.222"/>
  <testcase name="testSample[1][4]" classname="KarateRunner" time="0.821"/>
  <testcase name="testSample[1][5]" classname="KarateRunner" time="1.303"/>
  <testcase name="testSample[1][6]" classname="KarateRunner" time="1.276"/>
  <testcase name="testSample[1][7]" classname="KarateRunner" time="0.886"/>
  <testcase name="testSample[1][8]" classname="KarateRunner" time="2.303"/>
</testsuite>